Flow report for add
Mon Apr 15 19:59:07 2013
Quartus II 64-Bit Version 12.1 Build 177 11/07/2012 SJ Web Edition


---------------------
; Table of Contents ;
---------------------
  1. Legal Notice
  2. Flow Summary
  3. Flow Settings
  4. Flow Non-Default Global Settings
  5. Flow Elapsed Time
  6. Flow OS Summary
  7. Flow Log



----------------
; Legal Notice ;
----------------
Copyright (C) 1991-2012 Altera Corporation
Your use of Altera Corporation's design tools, logic functions 
and other software and tools, and its AMPP partner logic 
functions, and any output files from any of the foregoing 
(including device programming or simulation files), and any 
associated documentation or information are expressly subject 
to the terms and conditions of the Altera Program License 
Subscription Agreement, Altera MegaCore Function License 
Agreement, or other applicable license agreement, including, 
without limitation, that your use is for the sole purpose of 
programming logic devices manufactured by Altera and sold by 
Altera or its authorized distributors.  Please refer to the 
applicable agreement for further details.



+-------------------------------------------------------------------------------+
; Flow Summary                                                                  ;
+------------------------------------+------------------------------------------+
; Flow Status                        ; Successful - Mon Apr 15 19:59:04 2013    ;
; Quartus II 64-Bit Version          ; 12.1 Build 177 11/07/2012 SJ Web Edition ;
; Revision Name                      ; add                                      ;
; Top-level Entity Name              ; add                                      ;
; Family                             ; Cyclone II                               ;
; Device                             ; EP2C5Q208C8                              ;
; Timing Models                      ; Final                                    ;
; Total logic elements               ; 314 / 4,608 ( 7 % )                      ;
;     Total combinational functions  ; 314 / 4,608 ( 7 % )                      ;
;     Dedicated logic registers      ; 158 / 4,608 ( 3 % )                      ;
; Total registers                    ; 158                                      ;
; Total pins                         ; 24 / 142 ( 17 % )                        ;
; Total virtual pins                 ; 0                                        ;
; Total memory bits                  ; 0 / 119,808 ( 0 % )                      ;
; Embedded Multiplier 9-bit elements ; 0 / 26 ( 0 % )                           ;
; Total PLLs                         ; 0 / 2 ( 0 % )                            ;
+------------------------------------+------------------------------------------+


+-----------------------------------------+
; Flow Settings                           ;
+-------------------+---------------------+
; Option            ; Setting             ;
+-------------------+---------------------+
; Start date & time ; 04/15/2013 19:58:49 ;
; Main task         ; Compilation         ;
; Revision Name     ; add                 ;
+-------------------+---------------------+


+------------------------------------------------------------------------------------------------------------------------------------+
; Flow Non-Default Global Settings                                                                                                   ;
+-------------------------------------+------------------------------------+--------------------+-------------+----------------------+
; Assignment Name                     ; Value                              ; Default Value      ; Entity Name ; Section Id           ;
+-------------------------------------+------------------------------------+--------------------+-------------+----------------------+
; COMPILER_SIGNATURE_ID               ; 123489322347.136605232907238       ; --                 ; --          ; --                   ;
; EDA_INPUT_DATA_FORMAT               ; Edif                               ; --                 ; --          ; eda_design_synthesis ;
; EDA_INPUT_VCC_NAME                  ; Vcc                                ; --                 ; --          ; eda_design_synthesis ;
; FLOW_DISABLE_ASSEMBLER              ; On                                 ; Off                ; --          ; --                   ;
; FLOW_ENABLE_IO_ASSIGNMENT_ANALYSIS  ; On                                 ; Off                ; --          ; --                   ;
; MAX_CORE_JUNCTION_TEMP              ; 85                                 ; --                 ; --          ; --                   ;
; MIN_CORE_JUNCTION_TEMP              ; 0                                  ; --                 ; --          ; --                   ;
; OPTIMIZE_POWER_DURING_FITTING       ; Off                                ; Normal compilation ; --          ; --                   ;
; OPTIMIZE_POWER_DURING_SYNTHESIS     ; Off                                ; Normal compilation ; --          ; --                   ;
; PARTITION_COLOR                     ; 16764057                           ; --                 ; --          ; Top                  ;
; PARTITION_FITTER_PRESERVATION_LEVEL ; PLACEMENT_AND_ROUTING              ; --                 ; --          ; Top                  ;
; PARTITION_NETLIST_TYPE              ; SOURCE                             ; --                 ; --          ; Top                  ;
; PHYSICAL_SYNTHESIS_EFFORT           ; Fast                               ; Normal             ; --          ; --                   ;
; POWER_BOARD_THERMAL_MODEL           ; None (CONSERVATIVE)                ; --                 ; --          ; --                   ;
; POWER_PRESET_COOLING_SOLUTION       ; No Heat Sink With 100 Lfpm Airflow ; --                 ; --          ; --                   ;
; SMART_RECOMPILE                     ; On                                 ; Off                ; --          ; --                   ;
; TIMEQUEST_MULTICORNER_ANALYSIS      ; Off                                ; On                 ; --          ; --                   ;
; VHDL_INPUT_VERSION                  ; VHDL_2008                          ; VHDL_1993          ; --          ; --                   ;
; VHDL_SHOW_LMF_MAPPING_MESSAGES      ; Off                                ; --                 ; --          ; --                   ;
+-------------------------------------+------------------------------------+--------------------+-------------+----------------------+


+-------------------------------------------------------------------------------------------------------------------------------+
; Flow Elapsed Time                                                                                                             ;
+---------------------------+--------------+-------------------------+---------------------+------------------------------------+
; Module Name               ; Elapsed Time ; Average Processors Used ; Peak Virtual Memory ; Total CPU Time (on all processors) ;
+---------------------------+--------------+-------------------------+---------------------+------------------------------------+
; Analysis & Synthesis      ; 00:00:02     ; 1.0                     ; 525 MB              ; 00:00:03                           ;
; I/O Assignment Analysis   ; 00:00:01     ; 1.0                     ; 831 MB              ; 00:00:01                           ;
; Fitter                    ; 00:00:06     ; 1.0                     ; 574 MB              ; 00:00:06                           ;
; TimeQuest Timing Analyzer ; 00:00:01     ; 1.0                     ; 481 MB              ; 00:00:01                           ;
; Total                     ; 00:00:10     ; --                      ; --                  ; 00:00:11                           ;
+---------------------------+--------------+-------------------------+---------------------+------------------------------------+


+-------------------------------------------------------------------------------------------------+
; Flow OS Summary                                                                                 ;
+---------------------------+----------------------+----------------+------------+----------------+
; Module Name               ; Machine Hostname     ; OS Name        ; OS Version ; Processor type ;
+---------------------------+----------------------+----------------+------------+----------------+
; Analysis & Synthesis      ; pavel-RM-EXPERT-3030 ; Ubuntu 12.04.2 ; 12         ; x86_64         ;
; I/O Assignment Analysis   ; pavel-RM-EXPERT-3030 ; Ubuntu 12.04.2 ; 12         ; x86_64         ;
; Fitter                    ; pavel-RM-EXPERT-3030 ; Ubuntu 12.04.2 ; 12         ; x86_64         ;
; TimeQuest Timing Analyzer ; pavel-RM-EXPERT-3030 ; Ubuntu 12.04.2 ; 12         ; x86_64         ;
+---------------------------+----------------------+----------------+------------+----------------+


------------
; Flow Log ;
------------
quartus_map --read_settings_files=on --write_settings_files=off add -c add
quartus_fit --read_settings_files=off --write_settings_files=off add -c add --check_ios
quartus_fit --read_settings_files=off --write_settings_files=off add -c add
quartus_sta add -c add



